<?xml version="1.0" encoding="UTF-8"?>
<!-- Generated by org.testng.reporters.JUnitReportReporter -->
<testsuite hostname="W-PF2R4K5F" failures="0" tests="3" name="com.rksight.Test1" time="0.005" errors="0" timestamp="2022-08-09T13:57:59 IST" skipped="0">
  <testcase classname="com.rksight.Test1" name="setup" time="0.005"/>
  <system-out/>
  <testcase classname="com.rksight.Test1" name="testStep" time="0.000"/>
  <system-out/>
  <testcase classname="com.rksight.Test1" name="tearDown" time="0.000"/>
  <system-out/>
</testsuite> <!-- com.rksight.Test1 -->
